[32minfo: [39m
[32minfo: [39m
[32minfo: [39m   Sails              <|
[32minfo: [39m   v0.10.5             |\
[32minfo: [39m                      /|.\
[32minfo: [39m                     / || \
[32minfo: [39m                   ,'  |'  \
[32minfo: [39m                .-'.-==|/_--'
[32minfo: [39m                `--'-------' 
[32minfo: [39m   __---___--___---___--___---___--___
[32minfo: [39m ____---___--___---___--___---___--___-__
[32minfo: [39m
[32minfo: [39mServer lifted in `/opt/expresssome_testing`
[32minfo: [39mTo see your app, visit [4mhttp://localhost:1337[24m
[32minfo: [39mTo shut down Sails, press <CTRL> + C at any time.
[37m[39m
[34mdebug: [39m[90m--------------------------------------------------------[39m
[34mdebug: [39m[90m:: Tue Jul 07 2015 15:54:32 GMT-0400 (EDT)[39m
[37m[39m
[34mdebug: [39mEnvironment : development
[34mdebug: [39mPort        : 1337
[34mdebug: [39m[90m--------------------------------------------------------[39m
[32minfo: [39m==================================================================================
[32minfo: [39m= BEGIN REQUEST | ::ffff:118.70.183.127 - /api/authenticate/resetpassword - application/x-www-form-urlencoded
[32minfo: [39m== BEGIN CONTROLLER | AuthenticateController -> resetPassword
[32minfo: [39m== END CONTROLLER | AuthenticateController -> resetPassword
[32minfo: [39m=== BEGIN SERVICE | UserAccountInfoServices -> resetPasswordByUsername
[32minfo: [39m=== END SERVICE | UserAccountInfoServices -> resetPasswordByUsername
[32minfo: [39m= END REQUEST   | ::ffff:118.70.183.127 - /api/authenticate/resetpassword - application/x-www-form-urlencoded
[32minfo: [39m==================================================================================
[34mdebug: [39mBEGIN | CRON JOB SCHEDULE
[34mdebug: [39mEND   | CRON JOB SCHEDULE
[32minfo: [39m==================================================================================
[32minfo: [39m= BEGIN REQUEST | ::ffff:118.70.183.127 - /api/authenticate/resetpassword - application/x-www-form-urlencoded
[32minfo: [39m== BEGIN CONTROLLER | AuthenticateController -> resetPassword
[32minfo: [39m== END CONTROLLER | AuthenticateController -> resetPassword
[32minfo: [39m=== BEGIN SERVICE | UserAccountInfoServices -> resetPasswordByUsername
[32minfo: [39m=== END SERVICE | UserAccountInfoServices -> resetPasswordByUsername
[32minfo: [39m= END REQUEST   | ::ffff:118.70.183.127 - /api/authenticate/resetpassword - application/x-www-form-urlencoded
[32minfo: [39m==================================================================================
[34mdebug: [39mBEGIN | CRON JOB SCHEDULE
[34mdebug: [39mEND   | CRON JOB SCHEDULE
error: Forever detected script exited with code: null
