[32minfo: [39m
[32minfo: [39m
[32minfo: [39m   Sails              <|
[32minfo: [39m   v0.10.5             |\
[32minfo: [39m                      /|.\
[32minfo: [39m                     / || \
[32minfo: [39m                   ,'  |'  \
[32minfo: [39m                .-'.-==|/_--'
[32minfo: [39m                `--'-------' 
[32minfo: [39m   __---___--___---___--___---___--___
[32minfo: [39m ____---___--___---___--___---___--___-__
[32minfo: [39m
[32minfo: [39mServer lifted in `/opt/expresssome_testing`
[32minfo: [39mTo see your app, visit [4mhttp://localhost:1337[24m
[32minfo: [39mTo shut down Sails, press <CTRL> + C at any time.
[37m[39m
[34mdebug: [39m[90m--------------------------------------------------------[39m
[34mdebug: [39m[90m:: Fri Jul 03 2015 18:44:58 GMT-0400 (EDT)[39m
[37m[39m
[34mdebug: [39mEnvironment : development
[34mdebug: [39mPort        : 1337
[34mdebug: [39m[90m--------------------------------------------------------[39m
[34mdebug: [39mBEGIN | CRON JOB SCHEDULE
[34mdebug: [39mEND   | CRON JOB SCHEDULE
[34mdebug: [39mBEGIN | CRON JOB SCHEDULE
[34mdebug: [39mEND   | CRON JOB SCHEDULE
[34mdebug: [39mBEGIN | CRON JOB SCHEDULE
[34mdebug: [39mEND   | CRON JOB SCHEDULE
[34mdebug: [39mBEGIN | CRON JOB SCHEDULE
[34mdebug: [39mEND   | CRON JOB SCHEDULE
[34mdebug: [39mBEGIN | CRON JOB SCHEDULE
[34mdebug: [39mEND   | CRON JOB SCHEDULE
[34mdebug: [39mBEGIN | CRON JOB SCHEDULE
[34mdebug: [39mEND   | CRON JOB SCHEDULE
[34mdebug: [39mBEGIN | CRON JOB SCHEDULE
[34mdebug: [39mEND   | CRON JOB SCHEDULE
[34mdebug: [39mBEGIN | CRON JOB SCHEDULE
[34mdebug: [39mEND   | CRON JOB SCHEDULE
[34mdebug: [39mBEGIN | CRON JOB SCHEDULE
[34mdebug: [39mEND   | CRON JOB SCHEDULE
[34mdebug: [39mBEGIN | CRON JOB SCHEDULE
[34mdebug: [39mEND   | CRON JOB SCHEDULE
[34mdebug: [39mBEGIN | CRON JOB SCHEDULE
[34mdebug: [39mEND   | CRON JOB SCHEDULE
[34mdebug: [39mBEGIN | CRON JOB SCHEDULE
[34mdebug: [39mEND   | CRON JOB SCHEDULE
[34mdebug: [39mBEGIN | CRON JOB SCHEDULE
[34mdebug: [39mEND   | CRON JOB SCHEDULE
[34mdebug: [39mBEGIN | CRON JOB SCHEDULE
[34mdebug: [39mEND   | CRON JOB SCHEDULE
[34mdebug: [39mBEGIN | CRON JOB SCHEDULE
[34mdebug: [39mEND   | CRON JOB SCHEDULE
[34mdebug: [39mBEGIN | CRON JOB SCHEDULE
[34mdebug: [39mEND   | CRON JOB SCHEDULE
[34mdebug: [39mBEGIN | CRON JOB SCHEDULE
[34mdebug: [39mEND   | CRON JOB SCHEDULE
[34mdebug: [39mBEGIN | CRON JOB SCHEDULE
[34mdebug: [39mEND   | CRON JOB SCHEDULE
